<?xml version="1.0" encoding="UTF-8"?>
<!-- Generated by org.testng.reporters.JUnitReportReporter -->
<testsuite skipped="0" hostname="DFW10PF2" name="com.fico.tests.TestClass1" tests="4" failures="0" timestamp="03 Apr 2020 06:59:18 GMT" time="0.032" errors="0">
  <testcase name="testCase1" time="0.005" classname="com.fico.tests.TestClass1"/>
  <testcase name="testCase2" time="0.007" classname="com.fico.tests.TestClass1"/>
  <testcase name="testCase1" time="0.018" classname="com.fico.tests.TestClass1"/>
  <testcase name="testCase1" time="0.002" classname="com.fico.tests.TestClass1"/>
</testsuite> <!-- com.fico.tests.TestClass1 -->
